Determining if the pthread_create exist failed with the following output:
Change Dir: /media/psf/Home/archive/图形学/MIT-6.836-assignment/assn1/starter1/CMakeFiles/CMakeTmp

Run Build Command:"/usr/bin/make" "cmTC_d34e3/fast"
/usr/bin/make -f CMakeFiles/cmTC_d34e3.dir/build.make CMakeFiles/cmTC_d34e3.dir/build
make[1]: Entering directory '/media/psf/Home/archive/图形学/MIT-6.836-assignment/assn1/starter1/CMakeFiles/CMakeTmp'
Building C object CMakeFiles/cmTC_d34e3.dir/CheckSymbolExists.c.o
/usr/bin/cc     -o CMakeFiles/cmTC_d34e3.dir/CheckSymbolExists.c.o   -c /media/psf/Home/archive/图形学/MIT-6.836-assignment/assn1/starter1/CMakeFiles/CMakeTmp/CheckSymbolExists.c
Linking C executable cmTC_d34e3
/usr/local/bin/cmake -E cmake_link_script CMakeFiles/cmTC_d34e3.dir/link.txt --verbose=1
/usr/bin/cc       CMakeFiles/cmTC_d34e3.dir/CheckSymbolExists.c.o  -o cmTC_d34e3 -rdynamic 
CMakeFiles/cmTC_d34e3.dir/CheckSymbolExists.c.o: In function `main':
CheckSymbolExists.c:(.text+0x1b): undefined reference to `pthread_create'
collect2: error: ld returned 1 exit status
CMakeFiles/cmTC_d34e3.dir/build.make:97: recipe for target 'cmTC_d34e3' failed
make[1]: *** [cmTC_d34e3] Error 1
make[1]: Leaving directory '/media/psf/Home/archive/图形学/MIT-6.836-assignment/assn1/starter1/CMakeFiles/CMakeTmp'
Makefile:126: recipe for target 'cmTC_d34e3/fast' failed
make: *** [cmTC_d34e3/fast] Error 2

File /media/psf/Home/archive/图形学/MIT-6.836-assignment/assn1/starter1/CMakeFiles/CMakeTmp/CheckSymbolExists.c:
/* */
#include <pthread.h>

int main(int argc, char** argv)
{
  (void)argv;
#ifndef pthread_create
  return ((int*)(&pthread_create))[argc];
#else
  (void)argc;
  return 0;
#endif
}

Determining if the function pthread_create exists in the pthreads failed with the following output:
Change Dir: /media/psf/Home/archive/图形学/MIT-6.836-assignment/assn1/starter1/CMakeFiles/CMakeTmp

Run Build Command:"/usr/bin/make" "cmTC_ca8dd/fast"
/usr/bin/make -f CMakeFiles/cmTC_ca8dd.dir/build.make CMakeFiles/cmTC_ca8dd.dir/build
make[1]: Entering directory '/media/psf/Home/archive/图形学/MIT-6.836-assignment/assn1/starter1/CMakeFiles/CMakeTmp'
Building C object CMakeFiles/cmTC_ca8dd.dir/CheckFunctionExists.c.o
/usr/bin/cc    -DCHECK_FUNCTION_EXISTS=pthread_create   -o CMakeFiles/cmTC_ca8dd.dir/CheckFunctionExists.c.o   -c /usr/local/share/cmake-3.7/Modules/CheckFunctionExists.c
Linking C executable cmTC_ca8dd
/usr/local/bin/cmake -E cmake_link_script CMakeFiles/cmTC_ca8dd.dir/link.txt --verbose=1
/usr/bin/cc   -DCHECK_FUNCTION_EXISTS=pthread_create    CMakeFiles/cmTC_ca8dd.dir/CheckFunctionExists.c.o  -o cmTC_ca8dd -rdynamic -lpthreads 
/usr/bin/ld: cannot find -lpthreads
collect2: error: ld returned 1 exit status
CMakeFiles/cmTC_ca8dd.dir/build.make:97: recipe for target 'cmTC_ca8dd' failed
make[1]: *** [cmTC_ca8dd] Error 1
make[1]: Leaving directory '/media/psf/Home/archive/图形学/MIT-6.836-assignment/assn1/starter1/CMakeFiles/CMakeTmp'
Makefile:126: recipe for target 'cmTC_ca8dd/fast' failed
make: *** [cmTC_ca8dd/fast] Error 2


